<?xml version="1.0" encoding="UTF-8"?>
<coverage generated="1787650541771" clover="3.2.0">
  <project timestamp="1787650541771" name="All files">
    <metrics statements="35" coveredstatements="35" conditionals="19" coveredconditionals="19" methods="5" coveredmethods="5" elements="59" coveredelements="59" complexity="0" loc="35" ncloc="35" packages="2" files="2" classes="2"/>
    <package name="classes">
      <metrics statements="34" coveredstatements="34" conditionals="19" coveredconditionals="19" methods="5" coveredmethods="5"/>
      <file name="StateMachine.ts" path="/Users/dbonnet/Code/nevoland/statry/lib/classes/StateMachine.ts">
        <metrics statements="34" coveredstatements="34" conditionals="19" coveredconditionals="19" methods="5" coveredmethods="5"/>
        <line num="62" count="29" type="stmt"/>
        <line num="63" count="29" type="stmt"/>
        <line num="64" count="29" type="stmt"/>
        <line num="65" count="29" type="stmt"/>
        <line num="69" count="34" type="stmt"/>
        <line num="71" count="34" type="stmt"/>
        <line num="72" count="34" type="stmt"/>
        <line num="73" count="34" type="stmt"/>
        <line num="83" count="34" type="cond" truecount="2" falsecount="0"/>
        <line num="84" count="4" type="cond" truecount="2" falsecount="0"/>
        <line num="85" count="3" type="stmt"/>
        <line num="87" count="1" type="stmt"/>
        <line num="94" count="1" type="stmt"/>
        <line num="97" count="30" type="stmt"/>
        <line num="98" count="30" type="cond" truecount="2" falsecount="0"/>
        <line num="100" count="34" type="cond" truecount="2" falsecount="0"/>
        <line num="101" count="22" type="stmt"/>
        <line num="103" count="22" type="stmt"/>
        <line num="112" count="22" type="cond" truecount="2" falsecount="0"/>
        <line num="117" count="13" type="stmt"/>
        <line num="126" count="13" type="stmt"/>
        <line num="127" count="13" type="stmt"/>
        <line num="130" count="13" type="stmt"/>
        <line num="132" count="9" type="stmt"/>
        <line num="134" count="22" type="stmt"/>
        <line num="135" count="22" type="stmt"/>
        <line num="138" count="8" type="cond" truecount="2" falsecount="0"/>
        <line num="139" count="6" type="stmt"/>
        <line num="142" count="8" type="cond" truecount="2" falsecount="0"/>
        <line num="143" count="6" type="stmt"/>
        <line num="145" count="2" type="stmt"/>
        <line num="159" count="16" type="stmt"/>
        <line num="166" count="3" type="stmt"/>
        <line num="174" count="2" type="stmt"/>
      </file>
    </package>
    <package name="constants">
      <metrics statements="1" coveredstatements="1" conditionals="0" coveredconditionals="0" methods="0" coveredmethods="0"/>
      <file name="ENTER.ts" path="/Users/dbonnet/Code/nevoland/statry/lib/constants/ENTER.ts">
        <metrics statements="1" coveredstatements="1" conditionals="0" coveredconditionals="0" methods="0" coveredmethods="0"/>
        <line num="4" count="1" type="stmt"/>
      </file>
    </package>
  </project>
</coverage>
