{"/Users/dbonnet/Code/nevoland/statry/lib/classes/StateMachine.ts": {"path":"/Users/dbonnet/Code/nevoland/statry/lib/classes/StateMachine.ts","statementMap":{"0":{"start":{"line":62,"column":4},"end":{"line":62,"column":null}},"1":{"start":{"line":63,"column":4},"end":{"line":63,"column":null}},"2":{"start":{"line":64,"column":4},"end":{"line":64,"column":null}},"3":{"start":{"line":65,"column":4},"end":{"line":65,"column":null}},"4":{"start":{"line":69,"column":25},"end":{"line":69,"column":null}},"5":{"start":{"line":71,"column":6},"end":{"line":71,"column":null}},"6":{"start":{"line":72,"column":18},"end":{"line":72,"column":null}},"7":{"start":{"line":73,"column":20},"end":{"line":74,"column":null}},"8":{"start":{"line":83,"column":4},"end":{"line":95,"column":null}},"9":{"start":{"line":84,"column":6},"end":{"line":86,"column":null}},"10":{"start":{"line":85,"column":8},"end":{"line":85,"column":null}},"11":{"start":{"line":87,"column":6},"end":{"line":93,"column":null}},"12":{"start":{"line":94,"column":6},"end":{"line":94,"column":null}},"13":{"start":{"line":97,"column":20},"end":{"line":97,"column":null}},"14":{"start":{"line":98,"column":22},"end":{"line":98,"column":null}},"15":{"start":{"line":100,"column":4},"end":{"line":136,"column":null}},"16":{"start":{"line":101,"column":22},"end":{"line":101,"column":null}},"17":{"start":{"line":103,"column":8},"end":{"line":105,"column":null}},"18":{"start":{"line":112,"column":6},"end":{"line":133,"column":null}},"19":{"start":{"line":117,"column":34},"end":{"line":124,"column":null}},"20":{"start":{"line":126,"column":8},"end":{"line":126,"column":null}},"21":{"start":{"line":127,"column":8},"end":{"line":128,"column":null}},"22":{"start":{"line":130,"column":8},"end":{"line":130,"column":null}},"23":{"start":{"line":132,"column":8},"end":{"line":132,"column":null}},"24":{"start":{"line":134,"column":6},"end":{"line":134,"column":null}},"25":{"start":{"line":135,"column":6},"end":{"line":135,"column":null}},"26":{"start":{"line":138,"column":4},"end":{"line":140,"column":null}},"27":{"start":{"line":139,"column":6},"end":{"line":139,"column":null}},"28":{"start":{"line":142,"column":4},"end":{"line":144,"column":null}},"29":{"start":{"line":143,"column":6},"end":{"line":143,"column":null}},"30":{"start":{"line":145,"column":4},"end":{"line":152,"column":null}},"31":{"start":{"line":159,"column":4},"end":{"line":159,"column":null}},"32":{"start":{"line":166,"column":4},"end":{"line":166,"column":null}},"33":{"start":{"line":174,"column":4},"end":{"line":174,"column":null}}},"fnMap":{"0":{"name":"constructor","decl":{"start":{"line":57,"column":2},"end":{"line":57,"column":null}},"loc":{"start":{"line":61,"column":4},"end":{"line":66,"column":null}},"line":61},"1":{"name":"send","decl":{"start":{"line":68,"column":2},"end":{"line":68,"column":7}},"loc":{"start":{"line":68,"column":36},"end":{"line":153,"column":null}},"line":68},"2":{"name":"state","decl":{"start":{"line":158,"column":6},"end":{"line":158,"column":14}},"loc":{"start":{"line":158,"column":14},"end":{"line":160,"column":null}},"line":158},"3":{"name":"definition","decl":{"start":{"line":165,"column":6},"end":{"line":165,"column":19}},"loc":{"start":{"line":165,"column":19},"end":{"line":167,"column":null}},"line":165},"4":{"name":"clone","decl":{"start":{"line":173,"column":2},"end":{"line":173,"column":42}},"loc":{"start":{"line":173,"column":42},"end":{"line":175,"column":null}},"line":173}},"branchMap":{"0":{"loc":{"start":{"line":83,"column":4},"end":{"line":95,"column":null}},"type":"if","locations":[{"start":{"line":83,"column":4},"end":{"line":95,"column":null}},{"start":{},"end":{}}],"line":83},"1":{"loc":{"start":{"line":84,"column":6},"end":{"line":86,"column":null}},"type":"if","locations":[{"start":{"line":84,"column":6},"end":{"line":86,"column":null}},{"start":{},"end":{}}],"line":84},"2":{"loc":{"start":{"line":98,"column":22},"end":{"line":98,"column":null}},"type":"binary-expr","locations":[{"start":{"line":98,"column":22},"end":{"line":98,"column":56}},{"start":{"line":98,"column":56},"end":{"line":98,"column":null}}],"line":98},"3":{"loc":{"start":{"line":100,"column":4},"end":{"line":136,"column":null}},"type":"if","locations":[{"start":{"line":100,"column":4},"end":{"line":136,"column":null}},{"start":{},"end":{}}],"line":100},"4":{"loc":{"start":{"line":112,"column":6},"end":{"line":133,"column":null}},"type":"if","locations":[{"start":{"line":112,"column":6},"end":{"line":133,"column":null}},{"start":{"line":131,"column":13},"end":{"line":133,"column":null}}],"line":112},"5":{"loc":{"start":{"line":113,"column":8},"end":{"line":115,"column":null}},"type":"binary-expr","locations":[{"start":{"line":113,"column":8},"end":{"line":113,"column":null}},{"start":{"line":114,"column":8},"end":{"line":114,"column":null}},{"start":{"line":115,"column":8},"end":{"line":115,"column":null}}],"line":113},"6":{"loc":{"start":{"line":128,"column":10},"end":{"line":128,"column":null}},"type":"binary-expr","locations":[{"start":{"line":128,"column":10},"end":{"line":128,"column":60}},{"start":{"line":128,"column":60},"end":{"line":128,"column":null}}],"line":128},"7":{"loc":{"start":{"line":138,"column":4},"end":{"line":140,"column":null}},"type":"if","locations":[{"start":{"line":138,"column":4},"end":{"line":140,"column":null}},{"start":{},"end":{}}],"line":138},"8":{"loc":{"start":{"line":142,"column":4},"end":{"line":144,"column":null}},"type":"if","locations":[{"start":{"line":142,"column":4},"end":{"line":144,"column":null}},{"start":{},"end":{}}],"line":142}},"s":{"0":29,"1":29,"2":29,"3":29,"4":34,"5":34,"6":34,"7":34,"8":34,"9":4,"10":3,"11":1,"12":1,"13":30,"14":30,"15":34,"16":22,"17":22,"18":22,"19":13,"20":13,"21":13,"22":13,"23":9,"24":22,"25":22,"26":8,"27":6,"28":8,"29":6,"30":2,"31":16,"32":3,"33":2},"f":{"0":29,"1":34,"2":16,"3":3,"4":2},"b":{"0":[4,30],"1":[3,1],"2":[30,2],"3":[22,12],"4":[13,9],"5":[22,17,11],"6":[13,7],"7":[6,2],"8":[6,2]},"meta":{"lastBranch":9,"lastFunction":5,"lastStatement":34,"seen":{"f:57:2:57:Infinity":0,"s:62:4:62:Infinity":0,"s:63:4:63:Infinity":1,"s:64:4:64:Infinity":2,"s:65:4:65:Infinity":3,"f:68:2:68:7":1,"s:69:25:69:Infinity":4,"s:71:6:71:Infinity":5,"s:72:18:72:Infinity":6,"s:73:20:74:Infinity":7,"b:83:4:95:Infinity:undefined:undefined:undefined:undefined":0,"s:83:4:95:Infinity":8,"b:84:6:86:Infinity:undefined:undefined:undefined:undefined":1,"s:84:6:86:Infinity":9,"s:85:8:85:Infinity":10,"s:87:6:93:Infinity":11,"s:94:6:94:Infinity":12,"s:97:20:97:Infinity":13,"s:98:22:98:Infinity":14,"b:98:22:98:56:98:56:98:Infinity":2,"b:100:4:136:Infinity:undefined:undefined:undefined:undefined":3,"s:100:4:136:Infinity":15,"s:101:22:101:Infinity":16,"s:103:8:105:Infinity":17,"b:112:6:133:Infinity:131:13:133:Infinity":4,"s:112:6:133:Infinity":18,"b:113:8:113:Infinity:114:8:114:Infinity:115:8:115:Infinity":5,"s:117:34:124:Infinity":19,"s:126:8:126:Infinity":20,"s:127:8:128:Infinity":21,"b:128:10:128:60:128:60:128:Infinity":6,"s:130:8:130:Infinity":22,"s:132:8:132:Infinity":23,"s:134:6:134:Infinity":24,"s:135:6:135:Infinity":25,"b:138:4:140:Infinity:undefined:undefined:undefined:undefined":7,"s:138:4:140:Infinity":26,"s:139:6:139:Infinity":27,"b:142:4:144:Infinity:undefined:undefined:undefined:undefined":8,"s:142:4:144:Infinity":28,"s:143:6:143:Infinity":29,"s:145:4:152:Infinity":30,"f:158:6:158:14":2,"s:159:4:159:Infinity":31,"f:165:6:165:19":3,"s:166:4:166:Infinity":32,"f:173:2:173:42":4,"s:174:4:174:Infinity":33},"fnNames":{}}}
,"/Users/dbonnet/Code/nevoland/statry/lib/constants/ENTER.ts": {"path":"/Users/dbonnet/Code/nevoland/statry/lib/constants/ENTER.ts","statementMap":{"0":{"start":{"line":4,"column":21},"end":{"line":4,"column":null}}},"fnMap":{},"branchMap":{},"s":{"0":1},"f":{},"b":{},"meta":{"lastBranch":0,"lastFunction":0,"lastStatement":1,"seen":{"s:4:21:4:Infinity":0},"fnNames":{}}}
}
